2025-02-15 17:37:03,507 [Worker-7: Loading available Gradle versions] INFO  o.e.b.c.i.u.g.PublishedGradleVersions - Gradle version information cache is not available. Remote download required.
2025-02-15 17:37:44,601 [Worker-0: Importing Maven projects] INFO  o.e.m.c.i.l.LifecycleMappingFactory - Using org.eclipse.m2e.jdt.JarLifecycleMapping lifecycle mapping for MavenProject: com.flavourHub:flavourHub-food:0.0.1-SNAPSHOT @ C:\Users\nimas\OneDrive\Desktop\CDAC\1.1Cdac_Final_Project\food-ordering-project-2024-02-07-03-39-35\Source\backend-spring boot\pom.xml.
2025-02-15 17:37:55,326 [Worker-0: Importing Maven projects] INFO  o.e.m.j.i.AbstractJavaProjectConfigurator - Adding source folder /flavourHub-food/src/main/java
2025-02-15 17:37:55,330 [Worker-0: Importing Maven projects] INFO  o.e.m.j.i.AbstractJavaProjectConfigurator - Adding resource folder /flavourHub-food/src/main/resources
2025-02-15 17:37:55,333 [Worker-0: Importing Maven projects] INFO  o.e.m.j.i.AbstractJavaProjectConfigurator - Adding resource folder /flavourHub-food/src/main/resources
2025-02-15 17:37:55,336 [Worker-0: Importing Maven projects] INFO  o.e.m.j.i.AbstractJavaProjectConfigurator - Adding source folder /flavourHub-food/src/test/java
2025-02-15 17:37:55,338 [Worker-0: Importing Maven projects] INFO  o.e.m.j.i.AbstractJavaProjectConfigurator - Adding resource folder /flavourHub-food/src/test/resources
2025-02-15 17:37:55,904 [Worker-0: Importing Maven projects] INFO  o.e.m.c.i.p.ProjectConfigurationManager - Imported and configured 1 project(s) in 15 sec
2025-02-15 17:37:56,099 [Worker-15: Updating Maven Project] INFO  o.e.m.c.i.p.ProjectConfigurationManager - Update started
2025-02-15 17:37:57,057 [Worker-15: Updating Maven Project] INFO  o.e.m.c.i.l.LifecycleMappingFactory - Using org.eclipse.m2e.jdt.JarLifecycleMapping lifecycle mapping for MavenProject: com.flavourHub:flavourHub-food:0.0.1-SNAPSHOT @ C:\Users\nimas\OneDrive\Desktop\CDAC\1.1Cdac_Final_Project\food-ordering-project-2024-02-07-03-39-35\Source\backend-spring boot\pom.xml.
2025-02-15 17:37:58,459 [Worker-15: Updating Maven Project] INFO  o.e.m.j.i.AbstractJavaProjectConfigurator - Adding source folder /flavourHub-food/src/main/java
2025-02-15 17:37:58,462 [Worker-15: Updating Maven Project] INFO  o.e.m.j.i.AbstractJavaProjectConfigurator - Adding resource folder /flavourHub-food/src/main/resources
2025-02-15 17:37:58,464 [Worker-15: Updating Maven Project] INFO  o.e.m.j.i.AbstractJavaProjectConfigurator - Adding resource folder /flavourHub-food/src/main/resources
2025-02-15 17:37:58,465 [Worker-15: Updating Maven Project] INFO  o.e.m.j.i.AbstractJavaProjectConfigurator - Adding source folder /flavourHub-food/src/test/java
2025-02-15 17:37:58,467 [Worker-15: Updating Maven Project] INFO  o.e.m.j.i.AbstractJavaProjectConfigurator - Adding resource folder /flavourHub-food/src/test/resources
2025-02-15 17:37:59,615 [Worker-15: Updating Maven Project] INFO  o.e.m.c.i.p.ProjectConfigurationManager - Update completed for 1 poms: local refresh takes 0.00 sec, refresh facades takes 2.00 sec, update config takes 0.00 sec 
2025-02-15 17:38:03,960 [Worker-7: Building] INFO  o.a.m.s.f.DefaultMavenResourcesFiltering - Copying 1 resource from src\main\resources to target\classes
2025-02-15 17:38:04,012 [Worker-7: Building] INFO  o.a.m.s.f.DefaultMavenResourcesFiltering - Copying 0 resource from src\main\resources to target\classes
2025-02-15 17:38:04,020 [Worker-7: Building] INFO  o.a.m.s.f.DefaultMavenResourcesFiltering - skip non existing resourceDirectory C:\Users\nimas\OneDrive\Desktop\CDAC\1.1Cdac_Final_Project\food-ordering-project-2024-02-07-03-39-35\Source\backend-spring boot\src\test\resources
2025-02-15 17:39:41,863 [Worker-14: Updating Maven Project] INFO  o.e.m.c.i.p.ProjectConfigurationManager - Update started
2025-02-15 17:39:42,330 [Worker-14: Updating Maven Project] INFO  o.e.m.c.i.l.LifecycleMappingFactory - Using org.eclipse.m2e.jdt.JarLifecycleMapping lifecycle mapping for MavenProject: com.flavourHub:flavourHub-food:0.0.1-SNAPSHOT @ C:\Users\nimas\OneDrive\Desktop\CDAC\1.1Cdac_Final_Project\food-ordering-project-2024-02-07-03-39-35\Source\backend-spring boot\pom.xml.
2025-02-15 17:39:42,942 [Worker-14: Updating Maven Project] INFO  o.e.m.j.i.AbstractJavaProjectConfigurator - Adding source folder /flavourHub-food/src/main/java
2025-02-15 17:39:42,943 [Worker-14: Updating Maven Project] INFO  o.e.m.j.i.AbstractJavaProjectConfigurator - Adding resource folder /flavourHub-food/src/main/resources
2025-02-15 17:39:42,944 [Worker-14: Updating Maven Project] INFO  o.e.m.j.i.AbstractJavaProjectConfigurator - Adding resource folder /flavourHub-food/src/main/resources
2025-02-15 17:39:42,944 [Worker-14: Updating Maven Project] INFO  o.e.m.j.i.AbstractJavaProjectConfigurator - Adding source folder /flavourHub-food/src/test/java
2025-02-15 17:39:42,945 [Worker-14: Updating Maven Project] INFO  o.e.m.j.i.AbstractJavaProjectConfigurator - Adding resource folder /flavourHub-food/src/test/resources
2025-02-15 17:39:43,355 [Worker-14: Updating Maven Project] INFO  o.e.m.c.i.p.ProjectConfigurationManager - Update completed for 1 poms: local refresh takes 0.00 sec, refresh facades takes 0.00 sec, update config takes 0.00 sec 
2025-02-15 17:39:44,275 [Worker-9: Building] INFO  o.a.m.s.f.DefaultMavenResourcesFiltering - Copying 1 resource from src\main\resources to target\classes
2025-02-15 17:39:44,301 [Worker-9: Building] INFO  o.a.m.s.f.DefaultMavenResourcesFiltering - Copying 0 resource from src\main\resources to target\classes
2025-02-15 17:39:44,306 [Worker-9: Building] INFO  o.a.m.s.f.DefaultMavenResourcesFiltering - skip non existing resourceDirectory C:\Users\nimas\OneDrive\Desktop\CDAC\1.1Cdac_Final_Project\food-ordering-project-2024-02-07-03-39-35\Source\backend-spring boot\src\test\resources
2025-02-15 17:39:52,674 [main] INFO  o.e.m2e.actions.ExecutePomAction - Creating new launch configuration
2025-02-15 17:40:09,671 [Worker-4: Launching backend-spring boot] INFO  o.eclipse.m2e.core.internal.Bundles - getClasspathEntries(Bundle=org.eclipse.m2e.maven.runtime_3.9.900.20240824-1409 [360])
2025-02-15 17:40:09,672 [Worker-4: Launching backend-spring boot] INFO  o.eclipse.m2e.core.internal.Bundles - 	Entry: C:\Softwares\sts-4.26.0.RELEASE\plugins\org.eclipse.m2e.maven.runtime_3.9.900.20240824-1409
2025-02-15 17:40:09,673 [Worker-4: Launching backend-spring boot] INFO  o.eclipse.m2e.core.internal.Bundles - 	Entry: C:\Softwares\sts-4.26.0.RELEASE\plugins\org.eclipse.m2e.maven.runtime_3.9.900.20240824-1409\jars\aopalliance-1.0.jar
2025-02-15 17:40:09,673 [Worker-4: Launching backend-spring boot] INFO  o.eclipse.m2e.core.internal.Bundles - 	Entry: C:\Softwares\sts-4.26.0.RELEASE\plugins\org.eclipse.m2e.maven.runtime_3.9.900.20240824-1409\jars\guice-5.1.0.jar
2025-02-15 17:40:09,673 [Worker-4: Launching backend-spring boot] INFO  o.eclipse.m2e.core.internal.Bundles - 	Entry: C:\Softwares\sts-4.26.0.RELEASE\plugins\org.eclipse.m2e.maven.runtime_3.9.900.20240824-1409\jars\httpclient-4.5.14.jar
2025-02-15 17:40:09,673 [Worker-4: Launching backend-spring boot] INFO  o.eclipse.m2e.core.internal.Bundles - 	Entry: C:\Softwares\sts-4.26.0.RELEASE\plugins\org.eclipse.m2e.maven.runtime_3.9.900.20240824-1409\jars\httpcore-4.4.16.jar
2025-02-15 17:40:09,673 [Worker-4: Launching backend-spring boot] INFO  o.eclipse.m2e.core.internal.Bundles - 	Entry: C:\Softwares\sts-4.26.0.RELEASE\plugins\org.eclipse.m2e.maven.runtime_3.9.900.20240824-1409\jars\jansi-2.4.1.jar
2025-02-15 17:40:09,673 [Worker-4: Launching backend-spring boot] INFO  o.eclipse.m2e.core.internal.Bundles - 	Entry: C:\Softwares\sts-4.26.0.RELEASE\plugins\org.eclipse.m2e.maven.runtime_3.9.900.20240824-1409\jars\jcl-over-slf4j-1.7.36.jar
2025-02-15 17:40:09,673 [Worker-4: Launching backend-spring boot] INFO  o.eclipse.m2e.core.internal.Bundles - 	Entry: C:\Softwares\sts-4.26.0.RELEASE\plugins\org.eclipse.m2e.maven.runtime_3.9.900.20240824-1409\jars\maven-artifact-3.9.9.jar
2025-02-15 17:40:09,673 [Worker-4: Launching backend-spring boot] INFO  o.eclipse.m2e.core.internal.Bundles - 	Entry: C:\Softwares\sts-4.26.0.RELEASE\plugins\org.eclipse.m2e.maven.runtime_3.9.900.20240824-1409\jars\maven-builder-support-3.9.9.jar
2025-02-15 17:40:09,674 [Worker-4: Launching backend-spring boot] INFO  o.eclipse.m2e.core.internal.Bundles - 	Entry: C:\Softwares\sts-4.26.0.RELEASE\plugins\org.eclipse.m2e.maven.runtime_3.9.900.20240824-1409\jars\maven-compat-3.9.9.jar
2025-02-15 17:40:09,674 [Worker-4: Launching backend-spring boot] INFO  o.eclipse.m2e.core.internal.Bundles - 	Entry: C:\Softwares\sts-4.26.0.RELEASE\plugins\org.eclipse.m2e.maven.runtime_3.9.900.20240824-1409\jars\maven-core-3.9.9.jar
2025-02-15 17:40:09,674 [Worker-4: Launching backend-spring boot] INFO  o.eclipse.m2e.core.internal.Bundles - 	Entry: C:\Softwares\sts-4.26.0.RELEASE\plugins\org.eclipse.m2e.maven.runtime_3.9.900.20240824-1409\jars\maven-embedder-3.9.9.jar
2025-02-15 17:40:09,674 [Worker-4: Launching backend-spring boot] INFO  o.eclipse.m2e.core.internal.Bundles - 	Entry: C:\Softwares\sts-4.26.0.RELEASE\plugins\org.eclipse.m2e.maven.runtime_3.9.900.20240824-1409\jars\maven-model-3.9.9.jar
2025-02-15 17:40:09,675 [Worker-4: Launching backend-spring boot] INFO  o.eclipse.m2e.core.internal.Bundles - 	Entry: C:\Softwares\sts-4.26.0.RELEASE\plugins\org.eclipse.m2e.maven.runtime_3.9.900.20240824-1409\jars\maven-model-builder-3.9.9.jar
2025-02-15 17:40:09,675 [Worker-4: Launching backend-spring boot] INFO  o.eclipse.m2e.core.internal.Bundles - 	Entry: C:\Softwares\sts-4.26.0.RELEASE\plugins\org.eclipse.m2e.maven.runtime_3.9.900.20240824-1409\jars\maven-plugin-api-3.9.9.jar
2025-02-15 17:40:09,675 [Worker-4: Launching backend-spring boot] INFO  o.eclipse.m2e.core.internal.Bundles - 	Entry: C:\Softwares\sts-4.26.0.RELEASE\plugins\org.eclipse.m2e.maven.runtime_3.9.900.20240824-1409\jars\maven-repository-metadata-3.9.9.jar
2025-02-15 17:40:09,675 [Worker-4: Launching backend-spring boot] INFO  o.eclipse.m2e.core.internal.Bundles - 	Entry: C:\Softwares\sts-4.26.0.RELEASE\plugins\org.eclipse.m2e.maven.runtime_3.9.900.20240824-1409\jars\maven-resolver-api-1.9.22.jar
2025-02-15 17:40:09,675 [Worker-4: Launching backend-spring boot] INFO  o.eclipse.m2e.core.internal.Bundles - 	Entry: C:\Softwares\sts-4.26.0.RELEASE\plugins\org.eclipse.m2e.maven.runtime_3.9.900.20240824-1409\jars\maven-resolver-connector-basic-1.9.22.jar
2025-02-15 17:40:09,675 [Worker-4: Launching backend-spring boot] INFO  o.eclipse.m2e.core.internal.Bundles - 	Entry: C:\Softwares\sts-4.26.0.RELEASE\plugins\org.eclipse.m2e.maven.runtime_3.9.900.20240824-1409\jars\maven-resolver-impl-1.9.22.jar
2025-02-15 17:40:09,675 [Worker-4: Launching backend-spring boot] INFO  o.eclipse.m2e.core.internal.Bundles - 	Entry: C:\Softwares\sts-4.26.0.RELEASE\plugins\org.eclipse.m2e.maven.runtime_3.9.900.20240824-1409\jars\maven-resolver-named-locks-1.9.22.jar
2025-02-15 17:40:09,675 [Worker-4: Launching backend-spring boot] INFO  o.eclipse.m2e.core.internal.Bundles - 	Entry: C:\Softwares\sts-4.26.0.RELEASE\plugins\org.eclipse.m2e.maven.runtime_3.9.900.20240824-1409\jars\maven-resolver-provider-3.9.9.jar
2025-02-15 17:40:09,675 [Worker-4: Launching backend-spring boot] INFO  o.eclipse.m2e.core.internal.Bundles - 	Entry: C:\Softwares\sts-4.26.0.RELEASE\plugins\org.eclipse.m2e.maven.runtime_3.9.900.20240824-1409\jars\maven-resolver-spi-1.9.22.jar
2025-02-15 17:40:09,675 [Worker-4: Launching backend-spring boot] INFO  o.eclipse.m2e.core.internal.Bundles - 	Entry: C:\Softwares\sts-4.26.0.RELEASE\plugins\org.eclipse.m2e.maven.runtime_3.9.900.20240824-1409\jars\maven-resolver-transport-file-1.9.22.jar
2025-02-15 17:40:09,675 [Worker-4: Launching backend-spring boot] INFO  o.eclipse.m2e.core.internal.Bundles - 	Entry: C:\Softwares\sts-4.26.0.RELEASE\plugins\org.eclipse.m2e.maven.runtime_3.9.900.20240824-1409\jars\maven-resolver-transport-http-1.9.22.jar
2025-02-15 17:40:09,676 [Worker-4: Launching backend-spring boot] INFO  o.eclipse.m2e.core.internal.Bundles - 	Entry: C:\Softwares\sts-4.26.0.RELEASE\plugins\org.eclipse.m2e.maven.runtime_3.9.900.20240824-1409\jars\maven-resolver-transport-wagon-1.9.22.jar
2025-02-15 17:40:09,676 [Worker-4: Launching backend-spring boot] INFO  o.eclipse.m2e.core.internal.Bundles - 	Entry: C:\Softwares\sts-4.26.0.RELEASE\plugins\org.eclipse.m2e.maven.runtime_3.9.900.20240824-1409\jars\maven-resolver-util-1.9.22.jar
2025-02-15 17:40:09,676 [Worker-4: Launching backend-spring boot] INFO  o.eclipse.m2e.core.internal.Bundles - 	Entry: C:\Softwares\sts-4.26.0.RELEASE\plugins\org.eclipse.m2e.maven.runtime_3.9.900.20240824-1409\jars\maven-settings-3.9.9.jar
2025-02-15 17:40:09,676 [Worker-4: Launching backend-spring boot] INFO  o.eclipse.m2e.core.internal.Bundles - 	Entry: C:\Softwares\sts-4.26.0.RELEASE\plugins\org.eclipse.m2e.maven.runtime_3.9.900.20240824-1409\jars\maven-settings-builder-3.9.9.jar
2025-02-15 17:40:09,676 [Worker-4: Launching backend-spring boot] INFO  o.eclipse.m2e.core.internal.Bundles - 	Entry: C:\Softwares\sts-4.26.0.RELEASE\plugins\org.eclipse.m2e.maven.runtime_3.9.900.20240824-1409\jars\maven-shared-utils-3.4.2.jar
2025-02-15 17:40:09,676 [Worker-4: Launching backend-spring boot] INFO  o.eclipse.m2e.core.internal.Bundles - 	Entry: C:\Softwares\sts-4.26.0.RELEASE\plugins\org.eclipse.m2e.maven.runtime_3.9.900.20240824-1409\jars\org.eclipse.sisu.inject-0.9.0.M3.jar
2025-02-15 17:40:09,676 [Worker-4: Launching backend-spring boot] INFO  o.eclipse.m2e.core.internal.Bundles - 	Entry: C:\Softwares\sts-4.26.0.RELEASE\plugins\org.eclipse.m2e.maven.runtime_3.9.900.20240824-1409\jars\org.eclipse.sisu.plexus-0.9.0.M3.jar
2025-02-15 17:40:09,677 [Worker-4: Launching backend-spring boot] INFO  o.eclipse.m2e.core.internal.Bundles - 	Entry: C:\Softwares\sts-4.26.0.RELEASE\plugins\org.eclipse.m2e.maven.runtime_3.9.900.20240824-1409\jars\plexus-build-api-0.0.7.jar
2025-02-15 17:40:09,677 [Worker-4: Launching backend-spring boot] INFO  o.eclipse.m2e.core.internal.Bundles - 	Entry: C:\Softwares\sts-4.26.0.RELEASE\plugins\org.eclipse.m2e.maven.runtime_3.9.900.20240824-1409\jars\plexus-build-api-1.2.0.jar
2025-02-15 17:40:09,677 [Worker-4: Launching backend-spring boot] INFO  o.eclipse.m2e.core.internal.Bundles - 	Entry: C:\Softwares\sts-4.26.0.RELEASE\plugins\org.eclipse.m2e.maven.runtime_3.9.900.20240824-1409\jars\plexus-cipher-2.0.jar
2025-02-15 17:40:09,677 [Worker-4: Launching backend-spring boot] INFO  o.eclipse.m2e.core.internal.Bundles - 	Entry: C:\Softwares\sts-4.26.0.RELEASE\plugins\org.eclipse.m2e.maven.runtime_3.9.900.20240824-1409\jars\plexus-classworlds-2.8.0.jar
2025-02-15 17:40:09,677 [Worker-4: Launching backend-spring boot] INFO  o.eclipse.m2e.core.internal.Bundles - 	Entry: C:\Softwares\sts-4.26.0.RELEASE\plugins\org.eclipse.m2e.maven.runtime_3.9.900.20240824-1409\jars\plexus-component-annotations-2.1.0.jar
2025-02-15 17:40:09,677 [Worker-4: Launching backend-spring boot] INFO  o.eclipse.m2e.core.internal.Bundles - 	Entry: C:\Softwares\sts-4.26.0.RELEASE\plugins\org.eclipse.m2e.maven.runtime_3.9.900.20240824-1409\jars\plexus-interpolation-1.27.jar
2025-02-15 17:40:09,677 [Worker-4: Launching backend-spring boot] INFO  o.eclipse.m2e.core.internal.Bundles - 	Entry: C:\Softwares\sts-4.26.0.RELEASE\plugins\org.eclipse.m2e.maven.runtime_3.9.900.20240824-1409\jars\plexus-sec-dispatcher-2.0.jar
2025-02-15 17:40:09,677 [Worker-4: Launching backend-spring boot] INFO  o.eclipse.m2e.core.internal.Bundles - 	Entry: C:\Softwares\sts-4.26.0.RELEASE\plugins\org.eclipse.m2e.maven.runtime_3.9.900.20240824-1409\jars\plexus-utils-3.5.1.jar
2025-02-15 17:40:09,677 [Worker-4: Launching backend-spring boot] INFO  o.eclipse.m2e.core.internal.Bundles - 	Entry: C:\Softwares\sts-4.26.0.RELEASE\plugins\org.eclipse.m2e.maven.runtime_3.9.900.20240824-1409\jars\plexus-xml-3.0.1.jar
2025-02-15 17:40:09,677 [Worker-4: Launching backend-spring boot] INFO  o.eclipse.m2e.core.internal.Bundles - 	Entry: C:\Softwares\sts-4.26.0.RELEASE\plugins\org.eclipse.m2e.maven.runtime_3.9.900.20240824-1409\jars\wagon-file-3.5.3.jar
2025-02-15 17:40:09,678 [Worker-4: Launching backend-spring boot] INFO  o.eclipse.m2e.core.internal.Bundles - 	Entry: C:\Softwares\sts-4.26.0.RELEASE\plugins\org.eclipse.m2e.maven.runtime_3.9.900.20240824-1409\jars\wagon-http-3.5.3.jar
2025-02-15 17:40:09,678 [Worker-4: Launching backend-spring boot] INFO  o.eclipse.m2e.core.internal.Bundles - 	Entry: C:\Softwares\sts-4.26.0.RELEASE\plugins\org.eclipse.m2e.maven.runtime_3.9.900.20240824-1409\jars\wagon-http-shared-3.5.3.jar
2025-02-15 17:40:09,678 [Worker-4: Launching backend-spring boot] INFO  o.eclipse.m2e.core.internal.Bundles - 	Entry: C:\Softwares\sts-4.26.0.RELEASE\plugins\org.eclipse.m2e.maven.runtime_3.9.900.20240824-1409\jars\wagon-provider-api-3.5.3.jar
2025-02-15 17:40:09,679 [Worker-4: Launching backend-spring boot] INFO  o.eclipse.m2e.core.internal.Bundles - getClasspathEntries(Bundle=com.google.guava_33.3.0.jre [29])
2025-02-15 17:40:09,679 [Worker-4: Launching backend-spring boot] INFO  o.eclipse.m2e.core.internal.Bundles - 	Entry: C:\Softwares\sts-4.26.0.RELEASE\plugins\com.google.guava_33.3.0.jre.jar
2025-02-15 17:40:09,679 [Worker-4: Launching backend-spring boot] INFO  o.eclipse.m2e.core.internal.Bundles - getClasspathEntries(Bundle=slf4j.api_2.0.16 [593])
2025-02-15 17:40:09,679 [Worker-4: Launching backend-spring boot] INFO  o.eclipse.m2e.core.internal.Bundles - 	Entry: C:\Softwares\sts-4.26.0.RELEASE\plugins\slf4j.api_2.0.16.jar
2025-02-15 17:40:09,679 [Worker-4: Launching backend-spring boot] INFO  o.eclipse.m2e.core.internal.Bundles - getClasspathEntries(Bundle=jakarta.inject.jakarta.inject-api_1.0.5 [45])
2025-02-15 17:40:09,680 [Worker-4: Launching backend-spring boot] INFO  o.eclipse.m2e.core.internal.Bundles - 	Entry: C:\Softwares\sts-4.26.0.RELEASE\plugins\jakarta.inject.jakarta.inject-api_1.0.5.jar
2025-02-15 17:40:09,680 [Worker-4: Launching backend-spring boot] INFO  o.eclipse.m2e.core.internal.Bundles - getClasspathEntries(Bundle=jakarta.annotation-api_1.3.5 [41])
2025-02-15 17:40:09,680 [Worker-4: Launching backend-spring boot] INFO  o.eclipse.m2e.core.internal.Bundles - 	Entry: C:\Softwares\sts-4.26.0.RELEASE\plugins\jakarta.annotation-api_1.3.5.jar
2025-02-15 17:40:09,680 [Worker-4: Launching backend-spring boot] INFO  o.eclipse.m2e.core.internal.Bundles - getClasspathEntries(Bundle=org.apache.commons.cli_1.9.0 [77])
2025-02-15 17:40:09,680 [Worker-4: Launching backend-spring boot] INFO  o.eclipse.m2e.core.internal.Bundles - 	Entry: C:\Softwares\sts-4.26.0.RELEASE\plugins\org.apache.commons.cli_1.9.0.jar
2025-02-15 17:40:09,680 [Worker-4: Launching backend-spring boot] INFO  o.eclipse.m2e.core.internal.Bundles - getClasspathEntries(Bundle=org.apache.commons.commons-codec_1.16.0 [80])
2025-02-15 17:40:09,680 [Worker-4: Launching backend-spring boot] INFO  o.eclipse.m2e.core.internal.Bundles - 	Entry: C:\Softwares\sts-4.26.0.RELEASE\plugins\org.apache.commons.commons-codec_1.16.0.jar
2025-02-15 17:40:09,680 [Worker-4: Launching backend-spring boot] INFO  o.eclipse.m2e.core.internal.Bundles - getClasspathEntries(Bundle=com.google.guava.failureaccess_1.0.2 [30])
2025-02-15 17:40:09,680 [Worker-4: Launching backend-spring boot] INFO  o.eclipse.m2e.core.internal.Bundles - 	Entry: C:\Softwares\sts-4.26.0.RELEASE\plugins\com.google.guava.failureaccess_1.0.2.jar
2025-02-15 17:40:09,685 [Worker-4: Launching backend-spring boot] INFO  o.e.m.i.launch.MavenLaunchDelegate - Run build in "C:\Users\nimas\OneDrive\Desktop\CDAC\1.1Cdac_Final_Project\food-ordering-project-2024-02-07-03-39-35\Source\backend-spring boot":
2025-02-15 17:40:09,695 [Worker-4: Launching backend-spring boot] INFO  o.e.m.i.launch.MavenLaunchDelegate -  mvn  -B -Dmaven.test.skip=true -DskipTests -Dstyle.color=always clean Package
2025-02-15 17:40:48,855 [Worker-6: Launching Executing clean in C__Users_nimas_OneDrive_Desktop_CDAC_1.1Cdac_Final_Project_food-ordering-project-2024-02-07-03-39-35_Source_backend-spring boot] INFO  o.eclipse.m2e.core.internal.Bundles - getClasspathEntries(Bundle=org.eclipse.m2e.maven.runtime_3.9.900.20240824-1409 [360])
2025-02-15 17:40:48,856 [Worker-6: Launching Executing clean in C__Users_nimas_OneDrive_Desktop_CDAC_1.1Cdac_Final_Project_food-ordering-project-2024-02-07-03-39-35_Source_backend-spring boot] INFO  o.eclipse.m2e.core.internal.Bundles - 	Entry: C:\Softwares\sts-4.26.0.RELEASE\plugins\org.eclipse.m2e.maven.runtime_3.9.900.20240824-1409
2025-02-15 17:40:48,856 [Worker-6: Launching Executing clean in C__Users_nimas_OneDrive_Desktop_CDAC_1.1Cdac_Final_Project_food-ordering-project-2024-02-07-03-39-35_Source_backend-spring boot] INFO  o.eclipse.m2e.core.internal.Bundles - 	Entry: C:\Softwares\sts-4.26.0.RELEASE\plugins\org.eclipse.m2e.maven.runtime_3.9.900.20240824-1409\jars\aopalliance-1.0.jar
2025-02-15 17:40:48,856 [Worker-6: Launching Executing clean in C__Users_nimas_OneDrive_Desktop_CDAC_1.1Cdac_Final_Project_food-ordering-project-2024-02-07-03-39-35_Source_backend-spring boot] INFO  o.eclipse.m2e.core.internal.Bundles - 	Entry: C:\Softwares\sts-4.26.0.RELEASE\plugins\org.eclipse.m2e.maven.runtime_3.9.900.20240824-1409\jars\guice-5.1.0.jar
2025-02-15 17:40:48,857 [Worker-6: Launching Executing clean in C__Users_nimas_OneDrive_Desktop_CDAC_1.1Cdac_Final_Project_food-ordering-project-2024-02-07-03-39-35_Source_backend-spring boot] INFO  o.eclipse.m2e.core.internal.Bundles - 	Entry: C:\Softwares\sts-4.26.0.RELEASE\plugins\org.eclipse.m2e.maven.runtime_3.9.900.20240824-1409\jars\httpclient-4.5.14.jar
2025-02-15 17:40:48,857 [Worker-6: Launching Executing clean in C__Users_nimas_OneDrive_Desktop_CDAC_1.1Cdac_Final_Project_food-ordering-project-2024-02-07-03-39-35_Source_backend-spring boot] INFO  o.eclipse.m2e.core.internal.Bundles - 	Entry: C:\Softwares\sts-4.26.0.RELEASE\plugins\org.eclipse.m2e.maven.runtime_3.9.900.20240824-1409\jars\httpcore-4.4.16.jar
2025-02-15 17:40:48,857 [Worker-6: Launching Executing clean in C__Users_nimas_OneDrive_Desktop_CDAC_1.1Cdac_Final_Project_food-ordering-project-2024-02-07-03-39-35_Source_backend-spring boot] INFO  o.eclipse.m2e.core.internal.Bundles - 	Entry: C:\Softwares\sts-4.26.0.RELEASE\plugins\org.eclipse.m2e.maven.runtime_3.9.900.20240824-1409\jars\jansi-2.4.1.jar
2025-02-15 17:40:48,857 [Worker-6: Launching Executing clean in C__Users_nimas_OneDrive_Desktop_CDAC_1.1Cdac_Final_Project_food-ordering-project-2024-02-07-03-39-35_Source_backend-spring boot] INFO  o.eclipse.m2e.core.internal.Bundles - 	Entry: C:\Softwares\sts-4.26.0.RELEASE\plugins\org.eclipse.m2e.maven.runtime_3.9.900.20240824-1409\jars\jcl-over-slf4j-1.7.36.jar
2025-02-15 17:40:48,857 [Worker-6: Launching Executing clean in C__Users_nimas_OneDrive_Desktop_CDAC_1.1Cdac_Final_Project_food-ordering-project-2024-02-07-03-39-35_Source_backend-spring boot] INFO  o.eclipse.m2e.core.internal.Bundles - 	Entry: C:\Softwares\sts-4.26.0.RELEASE\plugins\org.eclipse.m2e.maven.runtime_3.9.900.20240824-1409\jars\maven-artifact-3.9.9.jar
2025-02-15 17:40:48,857 [Worker-6: Launching Executing clean in C__Users_nimas_OneDrive_Desktop_CDAC_1.1Cdac_Final_Project_food-ordering-project-2024-02-07-03-39-35_Source_backend-spring boot] INFO  o.eclipse.m2e.core.internal.Bundles - 	Entry: C:\Softwares\sts-4.26.0.RELEASE\plugins\org.eclipse.m2e.maven.runtime_3.9.900.20240824-1409\jars\maven-builder-support-3.9.9.jar
2025-02-15 17:40:48,857 [Worker-6: Launching Executing clean in C__Users_nimas_OneDrive_Desktop_CDAC_1.1Cdac_Final_Project_food-ordering-project-2024-02-07-03-39-35_Source_backend-spring boot] INFO  o.eclipse.m2e.core.internal.Bundles - 	Entry: C:\Softwares\sts-4.26.0.RELEASE\plugins\org.eclipse.m2e.maven.runtime_3.9.900.20240824-1409\jars\maven-compat-3.9.9.jar
2025-02-15 17:40:48,857 [Worker-6: Launching Executing clean in C__Users_nimas_OneDrive_Desktop_CDAC_1.1Cdac_Final_Project_food-ordering-project-2024-02-07-03-39-35_Source_backend-spring boot] INFO  o.eclipse.m2e.core.internal.Bundles - 	Entry: C:\Softwares\sts-4.26.0.RELEASE\plugins\org.eclipse.m2e.maven.runtime_3.9.900.20240824-1409\jars\maven-core-3.9.9.jar
2025-02-15 17:40:48,858 [Worker-6: Launching Executing clean in C__Users_nimas_OneDrive_Desktop_CDAC_1.1Cdac_Final_Project_food-ordering-project-2024-02-07-03-39-35_Source_backend-spring boot] INFO  o.eclipse.m2e.core.internal.Bundles - 	Entry: C:\Softwares\sts-4.26.0.RELEASE\plugins\org.eclipse.m2e.maven.runtime_3.9.900.20240824-1409\jars\maven-embedder-3.9.9.jar
2025-02-15 17:40:48,858 [Worker-6: Launching Executing clean in C__Users_nimas_OneDrive_Desktop_CDAC_1.1Cdac_Final_Project_food-ordering-project-2024-02-07-03-39-35_Source_backend-spring boot] INFO  o.eclipse.m2e.core.internal.Bundles - 	Entry: C:\Softwares\sts-4.26.0.RELEASE\plugins\org.eclipse.m2e.maven.runtime_3.9.900.20240824-1409\jars\maven-model-3.9.9.jar
2025-02-15 17:40:48,858 [Worker-6: Launching Executing clean in C__Users_nimas_OneDrive_Desktop_CDAC_1.1Cdac_Final_Project_food-ordering-project-2024-02-07-03-39-35_Source_backend-spring boot] INFO  o.eclipse.m2e.core.internal.Bundles - 	Entry: C:\Softwares\sts-4.26.0.RELEASE\plugins\org.eclipse.m2e.maven.runtime_3.9.900.20240824-1409\jars\maven-model-builder-3.9.9.jar
2025-02-15 17:40:48,858 [Worker-6: Launching Executing clean in C__Users_nimas_OneDrive_Desktop_CDAC_1.1Cdac_Final_Project_food-ordering-project-2024-02-07-03-39-35_Source_backend-spring boot] INFO  o.eclipse.m2e.core.internal.Bundles - 	Entry: C:\Softwares\sts-4.26.0.RELEASE\plugins\org.eclipse.m2e.maven.runtime_3.9.900.20240824-1409\jars\maven-plugin-api-3.9.9.jar
2025-02-15 17:40:48,859 [Worker-6: Launching Executing clean in C__Users_nimas_OneDrive_Desktop_CDAC_1.1Cdac_Final_Project_food-ordering-project-2024-02-07-03-39-35_Source_backend-spring boot] INFO  o.eclipse.m2e.core.internal.Bundles - 	Entry: C:\Softwares\sts-4.26.0.RELEASE\plugins\org.eclipse.m2e.maven.runtime_3.9.900.20240824-1409\jars\maven-repository-metadata-3.9.9.jar
2025-02-15 17:40:48,860 [Worker-6: Launching Executing clean in C__Users_nimas_OneDrive_Desktop_CDAC_1.1Cdac_Final_Project_food-ordering-project-2024-02-07-03-39-35_Source_backend-spring boot] INFO  o.eclipse.m2e.core.internal.Bundles - 	Entry: C:\Softwares\sts-4.26.0.RELEASE\plugins\org.eclipse.m2e.maven.runtime_3.9.900.20240824-1409\jars\maven-resolver-api-1.9.22.jar
2025-02-15 17:40:48,860 [Worker-6: Launching Executing clean in C__Users_nimas_OneDrive_Desktop_CDAC_1.1Cdac_Final_Project_food-ordering-project-2024-02-07-03-39-35_Source_backend-spring boot] INFO  o.eclipse.m2e.core.internal.Bundles - 	Entry: C:\Softwares\sts-4.26.0.RELEASE\plugins\org.eclipse.m2e.maven.runtime_3.9.900.20240824-1409\jars\maven-resolver-connector-basic-1.9.22.jar
2025-02-15 17:40:48,860 [Worker-6: Launching Executing clean in C__Users_nimas_OneDrive_Desktop_CDAC_1.1Cdac_Final_Project_food-ordering-project-2024-02-07-03-39-35_Source_backend-spring boot] INFO  o.eclipse.m2e.core.internal.Bundles - 	Entry: C:\Softwares\sts-4.26.0.RELEASE\plugins\org.eclipse.m2e.maven.runtime_3.9.900.20240824-1409\jars\maven-resolver-impl-1.9.22.jar
2025-02-15 17:40:48,860 [Worker-6: Launching Executing clean in C__Users_nimas_OneDrive_Desktop_CDAC_1.1Cdac_Final_Project_food-ordering-project-2024-02-07-03-39-35_Source_backend-spring boot] INFO  o.eclipse.m2e.core.internal.Bundles - 	Entry: C:\Softwares\sts-4.26.0.RELEASE\plugins\org.eclipse.m2e.maven.runtime_3.9.900.20240824-1409\jars\maven-resolver-named-locks-1.9.22.jar
2025-02-15 17:40:48,861 [Worker-6: Launching Executing clean in C__Users_nimas_OneDrive_Desktop_CDAC_1.1Cdac_Final_Project_food-ordering-project-2024-02-07-03-39-35_Source_backend-spring boot] INFO  o.eclipse.m2e.core.internal.Bundles - 	Entry: C:\Softwares\sts-4.26.0.RELEASE\plugins\org.eclipse.m2e.maven.runtime_3.9.900.20240824-1409\jars\maven-resolver-provider-3.9.9.jar
2025-02-15 17:40:48,861 [Worker-6: Launching Executing clean in C__Users_nimas_OneDrive_Desktop_CDAC_1.1Cdac_Final_Project_food-ordering-project-2024-02-07-03-39-35_Source_backend-spring boot] INFO  o.eclipse.m2e.core.internal.Bundles - 	Entry: C:\Softwares\sts-4.26.0.RELEASE\plugins\org.eclipse.m2e.maven.runtime_3.9.900.20240824-1409\jars\maven-resolver-spi-1.9.22.jar
2025-02-15 17:40:48,861 [Worker-6: Launching Executing clean in C__Users_nimas_OneDrive_Desktop_CDAC_1.1Cdac_Final_Project_food-ordering-project-2024-02-07-03-39-35_Source_backend-spring boot] INFO  o.eclipse.m2e.core.internal.Bundles - 	Entry: C:\Softwares\sts-4.26.0.RELEASE\plugins\org.eclipse.m2e.maven.runtime_3.9.900.20240824-1409\jars\maven-resolver-transport-file-1.9.22.jar
2025-02-15 17:40:48,861 [Worker-6: Launching Executing clean in C__Users_nimas_OneDrive_Desktop_CDAC_1.1Cdac_Final_Project_food-ordering-project-2024-02-07-03-39-35_Source_backend-spring boot] INFO  o.eclipse.m2e.core.internal.Bundles - 	Entry: C:\Softwares\sts-4.26.0.RELEASE\plugins\org.eclipse.m2e.maven.runtime_3.9.900.20240824-1409\jars\maven-resolver-transport-http-1.9.22.jar
2025-02-15 17:40:48,861 [Worker-6: Launching Executing clean in C__Users_nimas_OneDrive_Desktop_CDAC_1.1Cdac_Final_Project_food-ordering-project-2024-02-07-03-39-35_Source_backend-spring boot] INFO  o.eclipse.m2e.core.internal.Bundles - 	Entry: C:\Softwares\sts-4.26.0.RELEASE\plugins\org.eclipse.m2e.maven.runtime_3.9.900.20240824-1409\jars\maven-resolver-transport-wagon-1.9.22.jar
2025-02-15 17:40:48,861 [Worker-6: Launching Executing clean in C__Users_nimas_OneDrive_Desktop_CDAC_1.1Cdac_Final_Project_food-ordering-project-2024-02-07-03-39-35_Source_backend-spring boot] INFO  o.eclipse.m2e.core.internal.Bundles - 	Entry: C:\Softwares\sts-4.26.0.RELEASE\plugins\org.eclipse.m2e.maven.runtime_3.9.900.20240824-1409\jars\maven-resolver-util-1.9.22.jar
2025-02-15 17:40:48,861 [Worker-6: Launching Executing clean in C__Users_nimas_OneDrive_Desktop_CDAC_1.1Cdac_Final_Project_food-ordering-project-2024-02-07-03-39-35_Source_backend-spring boot] INFO  o.eclipse.m2e.core.internal.Bundles - 	Entry: C:\Softwares\sts-4.26.0.RELEASE\plugins\org.eclipse.m2e.maven.runtime_3.9.900.20240824-1409\jars\maven-settings-3.9.9.jar
2025-02-15 17:40:48,861 [Worker-6: Launching Executing clean in C__Users_nimas_OneDrive_Desktop_CDAC_1.1Cdac_Final_Project_food-ordering-project-2024-02-07-03-39-35_Source_backend-spring boot] INFO  o.eclipse.m2e.core.internal.Bundles - 	Entry: C:\Softwares\sts-4.26.0.RELEASE\plugins\org.eclipse.m2e.maven.runtime_3.9.900.20240824-1409\jars\maven-settings-builder-3.9.9.jar
2025-02-15 17:40:48,861 [Worker-6: Launching Executing clean in C__Users_nimas_OneDrive_Desktop_CDAC_1.1Cdac_Final_Project_food-ordering-project-2024-02-07-03-39-35_Source_backend-spring boot] INFO  o.eclipse.m2e.core.internal.Bundles - 	Entry: C:\Softwares\sts-4.26.0.RELEASE\plugins\org.eclipse.m2e.maven.runtime_3.9.900.20240824-1409\jars\maven-shared-utils-3.4.2.jar
2025-02-15 17:40:48,862 [Worker-6: Launching Executing clean in C__Users_nimas_OneDrive_Desktop_CDAC_1.1Cdac_Final_Project_food-ordering-project-2024-02-07-03-39-35_Source_backend-spring boot] INFO  o.eclipse.m2e.core.internal.Bundles - 	Entry: C:\Softwares\sts-4.26.0.RELEASE\plugins\org.eclipse.m2e.maven.runtime_3.9.900.20240824-1409\jars\org.eclipse.sisu.inject-0.9.0.M3.jar
2025-02-15 17:40:48,862 [Worker-6: Launching Executing clean in C__Users_nimas_OneDrive_Desktop_CDAC_1.1Cdac_Final_Project_food-ordering-project-2024-02-07-03-39-35_Source_backend-spring boot] INFO  o.eclipse.m2e.core.internal.Bundles - 	Entry: C:\Softwares\sts-4.26.0.RELEASE\plugins\org.eclipse.m2e.maven.runtime_3.9.900.20240824-1409\jars\org.eclipse.sisu.plexus-0.9.0.M3.jar
2025-02-15 17:40:48,862 [Worker-6: Launching Executing clean in C__Users_nimas_OneDrive_Desktop_CDAC_1.1Cdac_Final_Project_food-ordering-project-2024-02-07-03-39-35_Source_backend-spring boot] INFO  o.eclipse.m2e.core.internal.Bundles - 	Entry: C:\Softwares\sts-4.26.0.RELEASE\plugins\org.eclipse.m2e.maven.runtime_3.9.900.20240824-1409\jars\plexus-build-api-0.0.7.jar
2025-02-15 17:40:48,862 [Worker-6: Launching Executing clean in C__Users_nimas_OneDrive_Desktop_CDAC_1.1Cdac_Final_Project_food-ordering-project-2024-02-07-03-39-35_Source_backend-spring boot] INFO  o.eclipse.m2e.core.internal.Bundles - 	Entry: C:\Softwares\sts-4.26.0.RELEASE\plugins\org.eclipse.m2e.maven.runtime_3.9.900.20240824-1409\jars\plexus-build-api-1.2.0.jar
2025-02-15 17:40:48,862 [Worker-6: Launching Executing clean in C__Users_nimas_OneDrive_Desktop_CDAC_1.1Cdac_Final_Project_food-ordering-project-2024-02-07-03-39-35_Source_backend-spring boot] INFO  o.eclipse.m2e.core.internal.Bundles - 	Entry: C:\Softwares\sts-4.26.0.RELEASE\plugins\org.eclipse.m2e.maven.runtime_3.9.900.20240824-1409\jars\plexus-cipher-2.0.jar
2025-02-15 17:40:48,862 [Worker-6: Launching Executing clean in C__Users_nimas_OneDrive_Desktop_CDAC_1.1Cdac_Final_Project_food-ordering-project-2024-02-07-03-39-35_Source_backend-spring boot] INFO  o.eclipse.m2e.core.internal.Bundles - 	Entry: C:\Softwares\sts-4.26.0.RELEASE\plugins\org.eclipse.m2e.maven.runtime_3.9.900.20240824-1409\jars\plexus-classworlds-2.8.0.jar
2025-02-15 17:40:48,862 [Worker-6: Launching Executing clean in C__Users_nimas_OneDrive_Desktop_CDAC_1.1Cdac_Final_Project_food-ordering-project-2024-02-07-03-39-35_Source_backend-spring boot] INFO  o.eclipse.m2e.core.internal.Bundles - 	Entry: C:\Softwares\sts-4.26.0.RELEASE\plugins\org.eclipse.m2e.maven.runtime_3.9.900.20240824-1409\jars\plexus-component-annotations-2.1.0.jar
2025-02-15 17:40:48,862 [Worker-6: Launching Executing clean in C__Users_nimas_OneDrive_Desktop_CDAC_1.1Cdac_Final_Project_food-ordering-project-2024-02-07-03-39-35_Source_backend-spring boot] INFO  o.eclipse.m2e.core.internal.Bundles - 	Entry: C:\Softwares\sts-4.26.0.RELEASE\plugins\org.eclipse.m2e.maven.runtime_3.9.900.20240824-1409\jars\plexus-interpolation-1.27.jar
2025-02-15 17:40:48,862 [Worker-6: Launching Executing clean in C__Users_nimas_OneDrive_Desktop_CDAC_1.1Cdac_Final_Project_food-ordering-project-2024-02-07-03-39-35_Source_backend-spring boot] INFO  o.eclipse.m2e.core.internal.Bundles - 	Entry: C:\Softwares\sts-4.26.0.RELEASE\plugins\org.eclipse.m2e.maven.runtime_3.9.900.20240824-1409\jars\plexus-sec-dispatcher-2.0.jar
2025-02-15 17:40:48,863 [Worker-6: Launching Executing clean in C__Users_nimas_OneDrive_Desktop_CDAC_1.1Cdac_Final_Project_food-ordering-project-2024-02-07-03-39-35_Source_backend-spring boot] INFO  o.eclipse.m2e.core.internal.Bundles - 	Entry: C:\Softwares\sts-4.26.0.RELEASE\plugins\org.eclipse.m2e.maven.runtime_3.9.900.20240824-1409\jars\plexus-utils-3.5.1.jar
2025-02-15 17:40:48,863 [Worker-6: Launching Executing clean in C__Users_nimas_OneDrive_Desktop_CDAC_1.1Cdac_Final_Project_food-ordering-project-2024-02-07-03-39-35_Source_backend-spring boot] INFO  o.eclipse.m2e.core.internal.Bundles - 	Entry: C:\Softwares\sts-4.26.0.RELEASE\plugins\org.eclipse.m2e.maven.runtime_3.9.900.20240824-1409\jars\plexus-xml-3.0.1.jar
2025-02-15 17:40:48,863 [Worker-6: Launching Executing clean in C__Users_nimas_OneDrive_Desktop_CDAC_1.1Cdac_Final_Project_food-ordering-project-2024-02-07-03-39-35_Source_backend-spring boot] INFO  o.eclipse.m2e.core.internal.Bundles - 	Entry: C:\Softwares\sts-4.26.0.RELEASE\plugins\org.eclipse.m2e.maven.runtime_3.9.900.20240824-1409\jars\wagon-file-3.5.3.jar
2025-02-15 17:40:48,863 [Worker-6: Launching Executing clean in C__Users_nimas_OneDrive_Desktop_CDAC_1.1Cdac_Final_Project_food-ordering-project-2024-02-07-03-39-35_Source_backend-spring boot] INFO  o.eclipse.m2e.core.internal.Bundles - 	Entry: C:\Softwares\sts-4.26.0.RELEASE\plugins\org.eclipse.m2e.maven.runtime_3.9.900.20240824-1409\jars\wagon-http-3.5.3.jar
2025-02-15 17:40:48,863 [Worker-6: Launching Executing clean in C__Users_nimas_OneDrive_Desktop_CDAC_1.1Cdac_Final_Project_food-ordering-project-2024-02-07-03-39-35_Source_backend-spring boot] INFO  o.eclipse.m2e.core.internal.Bundles - 	Entry: C:\Softwares\sts-4.26.0.RELEASE\plugins\org.eclipse.m2e.maven.runtime_3.9.900.20240824-1409\jars\wagon-http-shared-3.5.3.jar
2025-02-15 17:40:48,863 [Worker-6: Launching Executing clean in C__Users_nimas_OneDrive_Desktop_CDAC_1.1Cdac_Final_Project_food-ordering-project-2024-02-07-03-39-35_Source_backend-spring boot] INFO  o.eclipse.m2e.core.internal.Bundles - 	Entry: C:\Softwares\sts-4.26.0.RELEASE\plugins\org.eclipse.m2e.maven.runtime_3.9.900.20240824-1409\jars\wagon-provider-api-3.5.3.jar
2025-02-15 17:40:48,863 [Worker-6: Launching Executing clean in C__Users_nimas_OneDrive_Desktop_CDAC_1.1Cdac_Final_Project_food-ordering-project-2024-02-07-03-39-35_Source_backend-spring boot] INFO  o.eclipse.m2e.core.internal.Bundles - getClasspathEntries(Bundle=com.google.guava_33.3.0.jre [29])
2025-02-15 17:40:48,863 [Worker-6: Launching Executing clean in C__Users_nimas_OneDrive_Desktop_CDAC_1.1Cdac_Final_Project_food-ordering-project-2024-02-07-03-39-35_Source_backend-spring boot] INFO  o.eclipse.m2e.core.internal.Bundles - 	Entry: C:\Softwares\sts-4.26.0.RELEASE\plugins\com.google.guava_33.3.0.jre.jar
2025-02-15 17:40:48,863 [Worker-6: Launching Executing clean in C__Users_nimas_OneDrive_Desktop_CDAC_1.1Cdac_Final_Project_food-ordering-project-2024-02-07-03-39-35_Source_backend-spring boot] INFO  o.eclipse.m2e.core.internal.Bundles - getClasspathEntries(Bundle=slf4j.api_2.0.16 [593])
2025-02-15 17:40:48,864 [Worker-6: Launching Executing clean in C__Users_nimas_OneDrive_Desktop_CDAC_1.1Cdac_Final_Project_food-ordering-project-2024-02-07-03-39-35_Source_backend-spring boot] INFO  o.eclipse.m2e.core.internal.Bundles - 	Entry: C:\Softwares\sts-4.26.0.RELEASE\plugins\slf4j.api_2.0.16.jar
2025-02-15 17:40:48,864 [Worker-6: Launching Executing clean in C__Users_nimas_OneDrive_Desktop_CDAC_1.1Cdac_Final_Project_food-ordering-project-2024-02-07-03-39-35_Source_backend-spring boot] INFO  o.eclipse.m2e.core.internal.Bundles - getClasspathEntries(Bundle=jakarta.inject.jakarta.inject-api_1.0.5 [45])
2025-02-15 17:40:48,864 [Worker-6: Launching Executing clean in C__Users_nimas_OneDrive_Desktop_CDAC_1.1Cdac_Final_Project_food-ordering-project-2024-02-07-03-39-35_Source_backend-spring boot] INFO  o.eclipse.m2e.core.internal.Bundles - 	Entry: C:\Softwares\sts-4.26.0.RELEASE\plugins\jakarta.inject.jakarta.inject-api_1.0.5.jar
2025-02-15 17:40:48,864 [Worker-6: Launching Executing clean in C__Users_nimas_OneDrive_Desktop_CDAC_1.1Cdac_Final_Project_food-ordering-project-2024-02-07-03-39-35_Source_backend-spring boot] INFO  o.eclipse.m2e.core.internal.Bundles - getClasspathEntries(Bundle=jakarta.annotation-api_1.3.5 [41])
2025-02-15 17:40:48,864 [Worker-6: Launching Executing clean in C__Users_nimas_OneDrive_Desktop_CDAC_1.1Cdac_Final_Project_food-ordering-project-2024-02-07-03-39-35_Source_backend-spring boot] INFO  o.eclipse.m2e.core.internal.Bundles - 	Entry: C:\Softwares\sts-4.26.0.RELEASE\plugins\jakarta.annotation-api_1.3.5.jar
2025-02-15 17:40:48,864 [Worker-6: Launching Executing clean in C__Users_nimas_OneDrive_Desktop_CDAC_1.1Cdac_Final_Project_food-ordering-project-2024-02-07-03-39-35_Source_backend-spring boot] INFO  o.eclipse.m2e.core.internal.Bundles - getClasspathEntries(Bundle=org.apache.commons.cli_1.9.0 [77])
2025-02-15 17:40:48,864 [Worker-6: Launching Executing clean in C__Users_nimas_OneDrive_Desktop_CDAC_1.1Cdac_Final_Project_food-ordering-project-2024-02-07-03-39-35_Source_backend-spring boot] INFO  o.eclipse.m2e.core.internal.Bundles - 	Entry: C:\Softwares\sts-4.26.0.RELEASE\plugins\org.apache.commons.cli_1.9.0.jar
2025-02-15 17:40:48,864 [Worker-6: Launching Executing clean in C__Users_nimas_OneDrive_Desktop_CDAC_1.1Cdac_Final_Project_food-ordering-project-2024-02-07-03-39-35_Source_backend-spring boot] INFO  o.eclipse.m2e.core.internal.Bundles - getClasspathEntries(Bundle=org.apache.commons.commons-codec_1.16.0 [80])
2025-02-15 17:40:48,864 [Worker-6: Launching Executing clean in C__Users_nimas_OneDrive_Desktop_CDAC_1.1Cdac_Final_Project_food-ordering-project-2024-02-07-03-39-35_Source_backend-spring boot] INFO  o.eclipse.m2e.core.internal.Bundles - 	Entry: C:\Softwares\sts-4.26.0.RELEASE\plugins\org.apache.commons.commons-codec_1.16.0.jar
2025-02-15 17:40:48,864 [Worker-6: Launching Executing clean in C__Users_nimas_OneDrive_Desktop_CDAC_1.1Cdac_Final_Project_food-ordering-project-2024-02-07-03-39-35_Source_backend-spring boot] INFO  o.eclipse.m2e.core.internal.Bundles - getClasspathEntries(Bundle=com.google.guava.failureaccess_1.0.2 [30])
2025-02-15 17:40:48,865 [Worker-6: Launching Executing clean in C__Users_nimas_OneDrive_Desktop_CDAC_1.1Cdac_Final_Project_food-ordering-project-2024-02-07-03-39-35_Source_backend-spring boot] INFO  o.eclipse.m2e.core.internal.Bundles - 	Entry: C:\Softwares\sts-4.26.0.RELEASE\plugins\com.google.guava.failureaccess_1.0.2.jar
2025-02-15 17:40:48,867 [Worker-6: Launching Executing clean in C__Users_nimas_OneDrive_Desktop_CDAC_1.1Cdac_Final_Project_food-ordering-project-2024-02-07-03-39-35_Source_backend-spring boot] INFO  o.e.m.i.launch.MavenLaunchDelegate - Run build in "C:\Users\nimas\OneDrive\Desktop\CDAC\1.1Cdac_Final_Project\food-ordering-project-2024-02-07-03-39-35\Source\backend-spring boot":
2025-02-15 17:40:48,867 [Worker-6: Launching Executing clean in C__Users_nimas_OneDrive_Desktop_CDAC_1.1Cdac_Final_Project_food-ordering-project-2024-02-07-03-39-35_Source_backend-spring boot] INFO  o.e.m.i.launch.MavenLaunchDelegate -  mvn  -B -Dstyle.color=always clean
